0 info it worked if it ends with ok
1 verbose cli [ '/usr/local/bin/node', '/usr/local/bin/npm', 'start' ]
2 info using npm@1.4.3
3 info using node@v0.10.33
4 error Error: Invalid name: "Now WOW"
4 error     at ensureValidName (/usr/local/Cellar/node/0.10.26/lib/node_modules/npm/node_modules/read-package-json/node_modules/normalize-package-data/lib/fixer.js:302:15)
4 error     at Object.module.exports.fixNameField (/usr/local/Cellar/node/0.10.26/lib/node_modules/npm/node_modules/read-package-json/node_modules/normalize-package-data/lib/fixer.js:206:5)
4 error     at /usr/local/Cellar/node/0.10.26/lib/node_modules/npm/node_modules/read-package-json/node_modules/normalize-package-data/lib/normalize.js:29:38
4 error     at Array.forEach (native)
4 error     at normalize (/usr/local/Cellar/node/0.10.26/lib/node_modules/npm/node_modules/read-package-json/node_modules/normalize-package-data/lib/normalize.js:28:15)
4 error     at final (/usr/local/Cellar/node/0.10.26/lib/node_modules/npm/node_modules/read-package-json/read-json.js:328:33)
4 error     at then (/usr/local/Cellar/node/0.10.26/lib/node_modules/npm/node_modules/read-package-json/read-json.js:126:33)
4 error     at /usr/local/Cellar/node/0.10.26/lib/node_modules/npm/node_modules/read-package-json/read-json.js:314:57
4 error     at fs.js:207:20
4 error     at OpenReq.Req.done (/usr/local/Cellar/node/0.10.26/lib/node_modules/npm/node_modules/graceful-fs/graceful-fs.js:144:5)
5 error If you need help, you may report this *entire* log,
5 error including the npm and node versions, at:
5 error     <http://github.com/npm/npm/issues>
6 error System Darwin 14.1.0
7 error command "/usr/local/bin/node" "/usr/local/bin/npm" "start"
8 error cwd /Users/mac/development/local/nowwow
9 error node -v v0.10.33
10 error npm -v 1.4.3
11 verbose exit [ 1, true ]
